12/19/2017 10:47:55 AM : Starting Network Model Service...
12/19/2017 10:47:58 AM : The WCF service GenericDataAccess is ready.
12/19/2017 10:47:58 AM : Endpoints:
12/19/2017 10:47:58 AM : net.tcp://localhost:10000/NetworkModelService/GDA/
12/19/2017 10:47:58 AM : Connection string: ../NetworkModelData.data
12/19/2017 10:47:58 AM : Trace level: Info
12/19/2017 10:47:58 AM : The Network Model Service is started.
12/19/2017 10:47:58 AM : Press <Enter> to stop the service.
12/19/2017 10:48:38 AM : Applying  delta to network model.
12/19/2017 10:48:38 AM : Inserting entity with GID (0000000100000001).
12/19/2017 10:48:38 AM : Inserting entity with GID (0000000200000001).
12/19/2017 10:48:38 AM : Inserting entity with GID (0000000300000001).
12/19/2017 10:48:38 AM : Inserting entity with GID (0000000400000001).
12/19/2017 10:48:38 AM : Inserting entity with GID (0000000500000001).
12/19/2017 10:48:38 AM : Applying delta to network model successfully finished.
12/19/2017 10:50:40 AM : Applying  delta to network model.
12/19/2017 10:50:40 AM : Inserting entity with GID (0000000100000002).
12/19/2017 10:50:40 AM : Inserting entity with GID (0000000200000002).
12/19/2017 10:50:40 AM : Inserting entity with GID (0000000300000002).
12/19/2017 10:50:40 AM : Inserting entity with GID (0000000400000002).
12/19/2017 10:50:40 AM : Inserting entity with GID (0000000500000002).
12/19/2017 10:50:40 AM : Applying delta to network model successfully finished.
12/20/2017 1:04:41 PM : Starting Network Model Service...
12/20/2017 1:04:41 PM : Inserting entity with GID (0000000100000001).
12/20/2017 1:04:41 PM : Unknown property id = 1297036692682768645 for entity (GID = 0x0000000100000001).
12/20/2017 1:04:41 PM : Failed to insert entity (GID = 0x0000000100000001) into model. Unknown property id = 1297036692682768645 for entity (GID = 0x0000000100000001).
12/20/2017 1:04:41 PM : Error while applying delta (id = 1) during service initialization. Failed to insert entity (GID = 0x0000000100000001) into model. Unknown property id = 1297036692682768645 for entity (GID = 0x0000000100000001).
12/20/2017 1:04:41 PM : Inserting entity with GID (0000000100000002).
12/20/2017 1:04:41 PM : Unknown property id = 1297036692682768645 for entity (GID = 0x0000000100000002).
12/20/2017 1:04:41 PM : Failed to insert entity (GID = 0x0000000100000002) into model. Unknown property id = 1297036692682768645 for entity (GID = 0x0000000100000002).
12/20/2017 1:04:41 PM : Error while applying delta (id = 2) during service initialization. Failed to insert entity (GID = 0x0000000100000002) into model. Unknown property id = 1297036692682768645 for entity (GID = 0x0000000100000002).
12/20/2017 1:04:42 PM : The WCF service GenericDataAccess is ready.
12/20/2017 1:04:42 PM : Endpoints:
12/20/2017 1:04:42 PM : net.tcp://localhost:10000/NetworkModelService/GDA/
12/20/2017 1:04:42 PM : Connection string: ../NetworkModelData.data
12/20/2017 1:04:42 PM : Trace level: Info
12/20/2017 1:04:42 PM : The Network Model Service is started.
12/20/2017 1:04:42 PM : Press <Enter> to stop the service.
12/20/2017 1:05:55 PM : Starting Network Model Service...
12/20/2017 1:05:55 PM : Inserting entity with GID (0000000100000001).
12/20/2017 1:05:55 PM : Unknown property id = 1297036692682768645 for entity (GID = 0x0000000100000001).
12/20/2017 1:05:55 PM : Failed to insert entity (GID = 0x0000000100000001) into model. Unknown property id = 1297036692682768645 for entity (GID = 0x0000000100000001).
12/20/2017 1:05:55 PM : Error while applying delta (id = 1) during service initialization. Failed to insert entity (GID = 0x0000000100000001) into model. Unknown property id = 1297036692682768645 for entity (GID = 0x0000000100000001).
12/20/2017 1:05:55 PM : Inserting entity with GID (0000000100000002).
12/20/2017 1:05:55 PM : Unknown property id = 1297036692682768645 for entity (GID = 0x0000000100000002).
12/20/2017 1:05:55 PM : Failed to insert entity (GID = 0x0000000100000002) into model. Unknown property id = 1297036692682768645 for entity (GID = 0x0000000100000002).
12/20/2017 1:05:56 PM : Error while applying delta (id = 2) during service initialization. Failed to insert entity (GID = 0x0000000100000002) into model. Unknown property id = 1297036692682768645 for entity (GID = 0x0000000100000002).
12/20/2017 1:05:56 PM : The WCF service GenericDataAccess is ready.
12/20/2017 1:05:56 PM : Endpoints:
12/20/2017 1:05:56 PM : net.tcp://localhost:10000/NetworkModelService/GDA/
12/20/2017 1:05:56 PM : Connection string: ../NetworkModelData.data
12/20/2017 1:05:56 PM : Trace level: Info
12/20/2017 1:05:56 PM : The Network Model Service is started.
12/20/2017 1:05:56 PM : Press <Enter> to stop the service.
12/20/2017 1:07:02 PM : Applying  delta to network model.
12/20/2017 1:07:02 PM : Inserting entity with GID (0000000100000003).
12/20/2017 1:07:02 PM : Inserting entity with GID (0000000200000001).
12/20/2017 1:07:02 PM : Inserting entity with GID (0000000300000001).
12/20/2017 1:07:02 PM : Inserting entity with GID (0000000400000001).
12/20/2017 1:07:02 PM : Inserting entity with GID (0000000500000001).
12/20/2017 1:07:02 PM : Inserting entity with GID (0000000600000001).
12/20/2017 1:07:02 PM : Applying delta to network model successfully finished.
12/20/2017 1:10:00 PM : Applying  delta to network model.
12/20/2017 1:10:00 PM : Inserting entity with GID (0000000100000004).
12/20/2017 1:10:00 PM : Inserting entity with GID (0000000200000002).
12/20/2017 1:10:00 PM : Inserting entity with GID (0000000300000002).
12/20/2017 1:10:00 PM : Inserting entity with GID (0000000400000002).
12/20/2017 1:10:00 PM : Inserting entity with GID (0000000500000002).
12/20/2017 1:10:00 PM : Inserting entity with GID (0000000600000002).
12/20/2017 1:10:00 PM : Applying delta to network model successfully finished.
12/20/2017 1:17:17 PM : Failed to set value for property (SERIESCOMPENSATOR_R) because specified value (0) is not compatible with property type (Float).
12/20/2017 1:17:17 PM : Collecting ResourceDescriptions failed. Exception: Failed to get values for entity with GID = 0x0000000100000001. Failed to set value for property (SERIESCOMPENSATOR_R) because specified value (0) is not compatible with property type (Float).
12/20/2017 1:17:17 PM : Failed to get next set of ResourceDescription iterators. Failed to get values for entity with GID = 0x0000000100000001. Failed to set value for property (SERIESCOMPENSATOR_R) because specified value (0) is not compatible with property type (Float).
12/20/2017 1:17:17 PM : IteratorNext failed. Iterator ID = 3. Resources to fetch count = 2. Failed to get next set of ResourceDescription iterators. Failed to get values for entity with GID = 0x0000000100000001. Failed to set value for property (SERIESCOMPENSATOR_R) because specified value (0) is not compatible with property type (Float). 
12/20/2017 1:23:28 PM : Starting Network Model Service...
12/20/2017 1:23:28 PM : Inserting entity with GID (0000000100000001).
12/20/2017 1:23:28 PM : Unknown property id = 1297036692682768645 for entity (GID = 0x0000000100000001).
12/20/2017 1:23:28 PM : Failed to insert entity (GID = 0x0000000100000001) into model. Unknown property id = 1297036692682768645 for entity (GID = 0x0000000100000001).
12/20/2017 1:23:28 PM : Error while applying delta (id = 1) during service initialization. Failed to insert entity (GID = 0x0000000100000001) into model. Unknown property id = 1297036692682768645 for entity (GID = 0x0000000100000001).
12/20/2017 1:23:28 PM : Inserting entity with GID (0000000100000002).
12/20/2017 1:23:28 PM : Unknown property id = 1297036692682768645 for entity (GID = 0x0000000100000002).
12/20/2017 1:23:28 PM : Failed to insert entity (GID = 0x0000000100000002) into model. Unknown property id = 1297036692682768645 for entity (GID = 0x0000000100000002).
12/20/2017 1:23:28 PM : Error while applying delta (id = 2) during service initialization. Failed to insert entity (GID = 0x0000000100000002) into model. Unknown property id = 1297036692682768645 for entity (GID = 0x0000000100000002).
12/20/2017 1:23:28 PM : Inserting entity with GID (0000000100000003).
12/20/2017 1:23:28 PM : Inserting entity with GID (0000000200000001).
12/20/2017 1:23:28 PM : Inserting entity with GID (0000000300000001).
12/20/2017 1:23:28 PM : Inserting entity with GID (0000000400000001).
12/20/2017 1:23:28 PM : Inserting entity with GID (0000000500000001).
12/20/2017 1:23:28 PM : Inserting entity with GID (0000000600000001).
12/20/2017 1:23:28 PM : Inserting entity with GID (0000000100000004).
12/20/2017 1:23:28 PM : Inserting entity with GID (0000000200000002).
12/20/2017 1:23:28 PM : Inserting entity with GID (0000000300000002).
12/20/2017 1:23:28 PM : Inserting entity with GID (0000000400000002).
12/20/2017 1:23:28 PM : Inserting entity with GID (0000000500000002).
12/20/2017 1:23:28 PM : Inserting entity with GID (0000000600000002).
12/20/2017 1:23:29 PM : The WCF service GenericDataAccess is ready.
12/20/2017 1:23:29 PM : Endpoints:
12/20/2017 1:23:29 PM : net.tcp://localhost:10000/NetworkModelService/GDA/
12/20/2017 1:23:29 PM : Connection string: ../NetworkModelData.data
12/20/2017 1:23:29 PM : Trace level: Info
12/20/2017 1:23:29 PM : The Network Model Service is started.
12/20/2017 1:23:29 PM : Press <Enter> to stop the service.
12/20/2017 1:24:51 PM : Applying  delta to network model.
12/20/2017 1:24:51 PM : Inserting entity with GID (0000000100000005).
12/20/2017 1:24:51 PM : Inserting entity with GID (0000000200000003).
12/20/2017 1:24:51 PM : Inserting entity with GID (0000000300000003).
12/20/2017 1:24:51 PM : Inserting entity with GID (0000000400000003).
12/20/2017 1:24:51 PM : Inserting entity with GID (0000000500000003).
12/20/2017 1:24:51 PM : Inserting entity with GID (0000000600000003).
12/20/2017 1:24:51 PM : Applying delta to network model successfully finished.
12/20/2017 2:02:01 PM : Starting Network Model Service...
12/20/2017 2:02:01 PM : Inserting entity with GID (0000000100000005).
12/20/2017 2:02:01 PM : Inserting entity with GID (0000000200000003).
12/20/2017 2:02:01 PM : Inserting entity with GID (0000000300000003).
12/20/2017 2:02:01 PM : Inserting entity with GID (0000000400000003).
12/20/2017 2:02:01 PM : Inserting entity with GID (0000000500000003).
12/20/2017 2:02:01 PM : Inserting entity with GID (0000000600000003).
12/20/2017 2:02:03 PM : The WCF service GenericDataAccess is ready.
12/20/2017 2:02:03 PM : Endpoints:
12/20/2017 2:02:03 PM : net.tcp://localhost:10000/NetworkModelService/GDA/
12/20/2017 2:02:03 PM : Connection string: ../NetworkModelData.data
12/20/2017 2:02:03 PM : Trace level: Info
12/20/2017 2:02:03 PM : The Network Model Service is started.
12/20/2017 2:02:03 PM : Press <Enter> to stop the service.
12/20/2017 2:02:55 PM : Applying  delta to network model.
12/20/2017 2:02:55 PM : Inserting entity with GID (0000000100000002).
12/20/2017 2:02:55 PM : Inserting entity with GID (0000000200000002).
12/20/2017 2:02:55 PM : Inserting entity with GID (0000000300000002).
12/20/2017 2:02:55 PM : Inserting entity with GID (0000000400000002).
12/20/2017 2:02:55 PM : Inserting entity with GID (0000000500000002).
12/20/2017 2:02:55 PM : Inserting entity with GID (0000000600000002).
12/20/2017 2:02:55 PM : Applying delta to network model successfully finished.
12/20/2017 2:03:54 PM : Applying  delta to network model.
12/20/2017 2:03:54 PM : Inserting entity with GID (0000000100000003).
12/20/2017 2:03:54 PM : Inserting entity with GID (0000000200000003).
12/20/2017 2:03:54 PM : Failed to insert entity because entity with specified GID (0000000200000003) already exists in network model.
12/20/2017 2:03:54 PM : Applying delta to network model failed. Failed to insert entity because entity with specified GID (0000000200000003) already exists in network model..
12/20/2017 2:05:47 PM : Starting Network Model Service...
12/20/2017 2:05:48 PM : The WCF service GenericDataAccess is ready.
12/20/2017 2:05:48 PM : Endpoints:
12/20/2017 2:05:48 PM : net.tcp://localhost:10000/NetworkModelService/GDA/
12/20/2017 2:05:48 PM : Connection string: ../NetworkModelData.data
12/20/2017 2:05:48 PM : Trace level: Info
12/20/2017 2:05:48 PM : The Network Model Service is started.
12/20/2017 2:05:48 PM : Press <Enter> to stop the service.
12/20/2017 2:06:13 PM : Applying  delta to network model.
12/20/2017 2:06:13 PM : Inserting entity with GID (0000000100000001).
12/20/2017 2:06:13 PM : Inserting entity with GID (0000000200000001).
12/20/2017 2:06:13 PM : Inserting entity with GID (0000000300000001).
12/20/2017 2:06:13 PM : Inserting entity with GID (0000000400000001).
12/20/2017 2:06:13 PM : Inserting entity with GID (0000000500000001).
12/20/2017 2:06:13 PM : Inserting entity with GID (0000000600000001).
12/20/2017 2:06:13 PM : Applying delta to network model successfully finished.
12/20/2017 2:09:20 PM : Applying  delta to network model.
12/20/2017 2:09:20 PM : Inserting entity with GID (0000000100000002).
12/20/2017 2:09:20 PM : Inserting entity with GID (0000000200000002).
12/20/2017 2:09:20 PM : Inserting entity with GID (0000000300000002).
12/20/2017 2:09:20 PM : Inserting entity with GID (0000000400000002).
12/20/2017 2:09:20 PM : Inserting entity with GID (0000000500000002).
12/20/2017 2:09:20 PM : Inserting entity with GID (0000000600000002).
12/20/2017 2:09:20 PM : Applying delta to network model successfully finished.
12/20/2017 2:30:34 PM : Starting Network Model Service...
12/20/2017 2:30:35 PM : The WCF service GenericDataAccess is ready.
12/20/2017 2:30:35 PM : Endpoints:
12/20/2017 2:30:35 PM : net.tcp://localhost:10000/NetworkModelService/GDA/
12/20/2017 2:30:35 PM : Connection string: ../NetworkModelData.data
12/20/2017 2:30:35 PM : Trace level: Info
12/20/2017 2:30:35 PM : The Network Model Service is started.
12/20/2017 2:30:35 PM : Press <Enter> to stop the service.
12/20/2017 2:31:10 PM : Applying  delta to network model.
12/20/2017 2:31:10 PM : Inserting entity with GID (0000000100000001).
12/20/2017 2:31:10 PM : Inserting entity with GID (0000000200000001).
12/20/2017 2:31:10 PM : Inserting entity with GID (0000000300000001).
12/20/2017 2:31:10 PM : Inserting entity with GID (0000000400000001).
12/20/2017 2:31:10 PM : Inserting entity with GID (0000000500000001).
12/20/2017 2:31:10 PM : Inserting entity with GID (0000000600000001).
12/20/2017 2:31:10 PM : Applying delta to network model successfully finished.
12/20/2017 2:54:08 PM : Starting Network Model Service...
12/20/2017 2:54:09 PM : The WCF service GenericDataAccess is ready.
12/20/2017 2:54:09 PM : Endpoints:
12/20/2017 2:54:09 PM : net.tcp://localhost:10000/NetworkModelService/GDA/
12/20/2017 2:54:09 PM : Connection string: ../NetworkModelData.data
12/20/2017 2:54:09 PM : Trace level: Info
12/20/2017 2:54:09 PM : The Network Model Service is started.
12/20/2017 2:54:09 PM : Press <Enter> to stop the service.
12/20/2017 2:55:29 PM : Applying  delta to network model.
12/20/2017 2:55:29 PM : Inserting entity with GID (0000000100000001).
12/20/2017 2:55:29 PM : Inserting entity with GID (0000000200000001).
12/20/2017 2:55:29 PM : Inserting entity with GID (0000000300000001).
12/20/2017 2:55:29 PM : Inserting entity with GID (0000000400000001).
12/20/2017 2:55:29 PM : Inserting entity with GID (0000000500000001).
12/20/2017 2:55:29 PM : Inserting entity with GID (0000000600000001).
12/20/2017 2:55:29 PM : Applying delta to network model successfully finished.
12/20/2017 3:11:16 PM : Starting Network Model Service...
12/20/2017 3:11:17 PM : The WCF service GenericDataAccess is ready.
12/20/2017 3:11:17 PM : Endpoints:
12/20/2017 3:11:17 PM : net.tcp://localhost:10000/NetworkModelService/GDA/
12/20/2017 3:11:17 PM : Connection string: ../NetworkModelData.data
12/20/2017 3:11:17 PM : Trace level: Info
12/20/2017 3:11:17 PM : The Network Model Service is started.
12/20/2017 3:11:17 PM : Press <Enter> to stop the service.
12/20/2017 3:11:40 PM : Applying  delta to network model.
12/20/2017 3:11:40 PM : Inserting entity with GID (0000000100000001).
12/20/2017 3:11:40 PM : Inserting entity with GID (0000000200000001).
12/20/2017 3:11:40 PM : Inserting entity with GID (0000000300000001).
12/20/2017 3:11:40 PM : Inserting entity with GID (0000000400000001).
12/20/2017 3:11:40 PM : Inserting entity with GID (0000000500000001).
12/20/2017 3:11:40 PM : Inserting entity with GID (0000000600000001).
12/20/2017 3:11:40 PM : Applying delta to network model successfully finished.
12/20/2017 10:45:45 PM : Starting Network Model Service...
12/20/2017 10:45:53 PM : The WCF service GenericDataAccess is ready.
12/20/2017 10:45:53 PM : Endpoints:
12/20/2017 10:45:53 PM : net.tcp://localhost:10000/NetworkModelService/GDA/
12/20/2017 10:45:53 PM : Connection string: ../NetworkModelData.data
12/20/2017 10:45:53 PM : Trace level: Info
12/20/2017 10:45:53 PM : The Network Model Service is started.
12/20/2017 10:45:53 PM : Press <Enter> to stop the service.
12/20/2017 10:47:16 PM : Applying  delta to network model.
12/20/2017 10:47:16 PM : Inserting entity with GID (0000000100000001).
12/20/2017 10:47:16 PM : Inserting entity with GID (0000000200000001).
12/20/2017 10:47:16 PM : Inserting entity with GID (0000000300000001).
12/20/2017 10:47:16 PM : Inserting entity with GID (0000000400000001).
12/20/2017 10:47:16 PM : Inserting entity with GID (0000000500000001).
12/20/2017 10:47:16 PM : Inserting entity with GID (0000000600000001).
12/20/2017 10:47:16 PM : Applying delta to network model successfully finished.
12/20/2017 10:54:05 PM : Applying  delta to network model.
12/20/2017 10:54:05 PM : Inserting entity with GID (0000000100000002).
12/20/2017 10:54:05 PM : Inserting entity with GID (0000000200000002).
12/20/2017 10:54:05 PM : Inserting entity with GID (0000000300000002).
12/20/2017 10:54:05 PM : Inserting entity with GID (0000000400000002).
12/20/2017 10:54:05 PM : Inserting entity with GID (0000000500000002).
12/20/2017 10:54:05 PM : Inserting entity with GID (0000000600000002).
12/20/2017 10:54:05 PM : Applying delta to network model successfully finished.
12/21/2017 1:12:18 AM : Starting Network Model Service...
12/21/2017 1:12:20 AM : The WCF service GenericDataAccess is ready.
12/21/2017 1:12:20 AM : Endpoints:
12/21/2017 1:12:20 AM : net.tcp://localhost:10000/NetworkModelService/GDA/
12/21/2017 1:12:20 AM : Connection string: ../NetworkModelData.data
12/21/2017 1:12:20 AM : Trace level: Info
12/21/2017 1:12:20 AM : The Network Model Service is started.
12/21/2017 1:12:20 AM : Press <Enter> to stop the service.
12/21/2017 1:12:50 AM : Applying  delta to network model.
12/21/2017 1:12:50 AM : Inserting entity with GID (0000000100000001).
12/21/2017 1:12:50 AM : Inserting entity with GID (0000000200000001).
12/21/2017 1:12:50 AM : Inserting entity with GID (0000000300000001).
12/21/2017 1:12:50 AM : Inserting entity with GID (0000000400000001).
12/21/2017 1:12:50 AM : Inserting entity with GID (0000000500000001).
12/21/2017 1:12:50 AM : Inserting entity with GID (0000000600000001).
12/21/2017 1:12:50 AM : Applying delta to network model successfully finished.
12/21/2017 11:02:02 AM : Starting Network Model Service...
12/21/2017 11:02:02 AM : Inserting entity with GID (0000000100000001).
12/21/2017 11:02:02 AM : Inserting entity with GID (0000000200000001).
12/21/2017 11:02:02 AM : Inserting entity with GID (0000000300000001).
12/21/2017 11:02:02 AM : Inserting entity with GID (0000000400000001).
12/21/2017 11:02:02 AM : Inserting entity with GID (0000000500000001).
12/21/2017 11:02:02 AM : Inserting entity with GID (0000000600000001).
12/21/2017 11:02:03 AM : The WCF service GenericDataAccess is ready.
12/21/2017 11:02:03 AM : Endpoints:
12/21/2017 11:02:03 AM : net.tcp://localhost:10000/NetworkModelService/GDA/
12/21/2017 11:02:03 AM : Connection string: ../NetworkModelData.data
12/21/2017 11:02:03 AM : Trace level: Info
12/21/2017 11:02:03 AM : The Network Model Service is started.
12/21/2017 11:02:03 AM : Press <Enter> to stop the service.
12/21/2017 11:13:26 AM : Starting Network Model Service...
12/21/2017 11:13:26 AM : Inserting entity with GID (0000000100000001).
12/21/2017 11:13:26 AM : Inserting entity with GID (0000000200000001).
12/21/2017 11:13:26 AM : Inserting entity with GID (0000000300000001).
12/21/2017 11:13:26 AM : Inserting entity with GID (0000000400000001).
12/21/2017 11:13:26 AM : Inserting entity with GID (0000000500000001).
12/21/2017 11:13:26 AM : Inserting entity with GID (0000000600000001).
12/21/2017 11:13:28 AM : The WCF service GenericDataAccess is ready.
12/21/2017 11:13:28 AM : Endpoints:
12/21/2017 11:13:28 AM : net.tcp://localhost:10000/NetworkModelService/GDA/
12/21/2017 11:13:28 AM : Connection string: ../NetworkModelData.data
12/21/2017 11:13:28 AM : Trace level: Info
12/21/2017 11:13:28 AM : The Network Model Service is started.
12/21/2017 11:13:28 AM : Press <Enter> to stop the service.
12/21/2017 10:17:58 PM : Starting Network Model Service...
12/21/2017 10:17:58 PM : Inserting entity with GID (0000000100000001).
12/21/2017 10:17:58 PM : Inserting entity with GID (0000000200000001).
12/21/2017 10:17:58 PM : Inserting entity with GID (0000000300000001).
12/21/2017 10:17:58 PM : Inserting entity with GID (0000000400000001).
12/21/2017 10:17:58 PM : Inserting entity with GID (0000000500000001).
12/21/2017 10:17:58 PM : Inserting entity with GID (0000000600000001).
12/21/2017 10:17:59 PM : The WCF service GenericDataAccess is ready.
12/21/2017 10:17:59 PM : Endpoints:
12/21/2017 10:17:59 PM : net.tcp://localhost:10000/NetworkModelService/GDA/
12/21/2017 10:17:59 PM : Connection string: ../NetworkModelData.data
12/21/2017 10:17:59 PM : Trace level: Info
12/21/2017 10:17:59 PM : The Network Model Service is started.
12/21/2017 10:17:59 PM : Press <Enter> to stop the service.
12/21/2017 10:21:43 PM : Applying  delta to network model.
12/21/2017 10:21:43 PM : Inserting entity with GID (0000000100000002).
12/21/2017 10:21:43 PM : Inserting entity with GID (0000000200000002).
12/21/2017 10:21:43 PM : Inserting entity with GID (0000000300000002).
12/21/2017 10:21:43 PM : Inserting entity with GID (0000000400000002).
12/21/2017 10:21:43 PM : Inserting entity with GID (0000000500000002).
12/21/2017 10:21:43 PM : Inserting entity with GID (0000000600000002).
12/21/2017 10:21:43 PM : Applying delta to network model successfully finished.
12/21/2017 10:23:11 PM : Starting Network Model Service...
12/21/2017 10:23:11 PM : Inserting entity with GID (0000000100000001).
12/21/2017 10:23:11 PM : Inserting entity with GID (0000000200000001).
12/21/2017 10:23:11 PM : Inserting entity with GID (0000000300000001).
12/21/2017 10:23:11 PM : Inserting entity with GID (0000000400000001).
12/21/2017 10:23:11 PM : Inserting entity with GID (0000000500000001).
12/21/2017 10:23:11 PM : Inserting entity with GID (0000000600000001).
12/21/2017 10:23:11 PM : Inserting entity with GID (0000000100000002).
12/21/2017 10:23:11 PM : Inserting entity with GID (0000000200000002).
12/21/2017 10:23:11 PM : Inserting entity with GID (0000000300000002).
12/21/2017 10:23:11 PM : Inserting entity with GID (0000000400000002).
12/21/2017 10:23:11 PM : Inserting entity with GID (0000000500000002).
12/21/2017 10:23:11 PM : Inserting entity with GID (0000000600000002).
12/21/2017 10:23:12 PM : The WCF service GenericDataAccess is ready.
12/21/2017 10:23:12 PM : Endpoints:
12/21/2017 10:23:12 PM : net.tcp://localhost:10000/NetworkModelService/GDA/
12/21/2017 10:23:13 PM : Connection string: ../NetworkModelData.data
12/21/2017 10:23:13 PM : Trace level: Info
12/21/2017 10:23:13 PM : The Network Model Service is started.
12/21/2017 10:23:13 PM : Press <Enter> to stop the service.
12/21/2017 10:23:34 PM : Starting Network Model Service...
12/21/2017 10:23:34 PM : Inserting entity with GID (0000000100000001).
12/21/2017 10:23:34 PM : Inserting entity with GID (0000000200000001).
12/21/2017 10:23:34 PM : Inserting entity with GID (0000000300000001).
12/21/2017 10:23:34 PM : Inserting entity with GID (0000000400000001).
12/21/2017 10:23:34 PM : Inserting entity with GID (0000000500000001).
12/21/2017 10:23:34 PM : Inserting entity with GID (0000000600000001).
12/21/2017 10:23:34 PM : Inserting entity with GID (0000000100000002).
12/21/2017 10:23:34 PM : Inserting entity with GID (0000000200000002).
12/21/2017 10:23:34 PM : Inserting entity with GID (0000000300000002).
12/21/2017 10:23:34 PM : Inserting entity with GID (0000000400000002).
12/21/2017 10:23:34 PM : Inserting entity with GID (0000000500000002).
12/21/2017 10:23:34 PM : Inserting entity with GID (0000000600000002).
12/21/2017 10:23:35 PM : The WCF service GenericDataAccess is ready.
12/21/2017 10:23:35 PM : Endpoints:
12/21/2017 10:23:35 PM : net.tcp://localhost:10000/NetworkModelService/GDA/
12/21/2017 10:23:35 PM : Connection string: ../NetworkModelData.data
12/21/2017 10:23:35 PM : Trace level: Info
12/21/2017 10:23:35 PM : The Network Model Service is started.
12/21/2017 10:23:35 PM : Press <Enter> to stop the service.
12/22/2017 2:18:58 AM : Starting Network Model Service...
12/22/2017 2:18:58 AM : Inserting entity with GID (0000000100000001).
12/22/2017 2:18:58 AM : Inserting entity with GID (0000000200000001).
12/22/2017 2:18:58 AM : Inserting entity with GID (0000000300000001).
12/22/2017 2:18:58 AM : Inserting entity with GID (0000000400000001).
12/22/2017 2:18:58 AM : Inserting entity with GID (0000000500000001).
12/22/2017 2:18:58 AM : Inserting entity with GID (0000000600000001).
12/22/2017 2:18:58 AM : Inserting entity with GID (0000000100000002).
12/22/2017 2:18:58 AM : Inserting entity with GID (0000000200000002).
12/22/2017 2:18:58 AM : Inserting entity with GID (0000000300000002).
12/22/2017 2:18:58 AM : Inserting entity with GID (0000000400000002).
12/22/2017 2:18:58 AM : Inserting entity with GID (0000000500000002).
12/22/2017 2:18:58 AM : Inserting entity with GID (0000000600000002).
12/22/2017 2:19:01 AM : The WCF service GenericDataAccess is ready.
12/22/2017 2:19:01 AM : Endpoints:
12/22/2017 2:19:01 AM : net.tcp://localhost:10000/NetworkModelService/GDA/
12/22/2017 2:19:01 AM : Connection string: ../NetworkModelData.data
12/22/2017 2:19:01 AM : Trace level: Info
12/22/2017 2:19:01 AM : The Network Model Service is started.
12/22/2017 2:19:01 AM : Press <Enter> to stop the service.
12/22/2017 2:26:48 AM : Starting Network Model Service...
12/22/2017 2:26:49 AM : Inserting entity with GID (0000000100000001).
12/22/2017 2:26:49 AM : Inserting entity with GID (0000000200000001).
12/22/2017 2:26:49 AM : Inserting entity with GID (0000000300000001).
12/22/2017 2:26:49 AM : Inserting entity with GID (0000000400000001).
12/22/2017 2:26:49 AM : Inserting entity with GID (0000000500000001).
12/22/2017 2:26:49 AM : Inserting entity with GID (0000000600000001).
12/22/2017 2:26:49 AM : Inserting entity with GID (0000000100000002).
12/22/2017 2:26:49 AM : Inserting entity with GID (0000000200000002).
12/22/2017 2:26:49 AM : Inserting entity with GID (0000000300000002).
12/22/2017 2:26:49 AM : Inserting entity with GID (0000000400000002).
12/22/2017 2:26:49 AM : Inserting entity with GID (0000000500000002).
12/22/2017 2:26:49 AM : Inserting entity with GID (0000000600000002).
12/22/2017 2:26:50 AM : The WCF service GenericDataAccess is ready.
12/22/2017 2:26:50 AM : Endpoints:
12/22/2017 2:26:50 AM : net.tcp://localhost:10000/NetworkModelService/GDA/
12/22/2017 2:26:50 AM : Connection string: ../NetworkModelData.data
12/22/2017 2:26:50 AM : Trace level: Info
12/22/2017 2:26:50 AM : The Network Model Service is started.
12/22/2017 2:26:50 AM : Press <Enter> to stop the service.
12/22/2017 2:34:50 AM : Starting Network Model Service...
12/22/2017 2:34:50 AM : Inserting entity with GID (0000000100000001).
12/22/2017 2:34:50 AM : Inserting entity with GID (0000000200000001).
12/22/2017 2:34:50 AM : Inserting entity with GID (0000000300000001).
12/22/2017 2:34:50 AM : Inserting entity with GID (0000000400000001).
12/22/2017 2:34:50 AM : Inserting entity with GID (0000000500000001).
12/22/2017 2:34:50 AM : Inserting entity with GID (0000000600000001).
12/22/2017 2:34:50 AM : Inserting entity with GID (0000000100000002).
12/22/2017 2:34:50 AM : Inserting entity with GID (0000000200000002).
12/22/2017 2:34:50 AM : Inserting entity with GID (0000000300000002).
12/22/2017 2:34:50 AM : Inserting entity with GID (0000000400000002).
12/22/2017 2:34:50 AM : Inserting entity with GID (0000000500000002).
12/22/2017 2:34:50 AM : Inserting entity with GID (0000000600000002).
12/22/2017 2:34:52 AM : The WCF service GenericDataAccess is ready.
12/22/2017 2:34:52 AM : Endpoints:
12/22/2017 2:34:52 AM : net.tcp://localhost:10000/NetworkModelService/GDA/
12/22/2017 2:34:52 AM : Connection string: ../NetworkModelData.data
12/22/2017 2:34:52 AM : Trace level: Info
12/22/2017 2:34:52 AM : The Network Model Service is started.
12/22/2017 2:34:52 AM : Press <Enter> to stop the service.
12/22/2017 2:37:32 AM : Starting Network Model Service...
12/22/2017 2:37:32 AM : Inserting entity with GID (0000000100000001).
12/22/2017 2:37:32 AM : Inserting entity with GID (0000000200000001).
12/22/2017 2:37:32 AM : Inserting entity with GID (0000000300000001).
12/22/2017 2:37:32 AM : Inserting entity with GID (0000000400000001).
12/22/2017 2:37:32 AM : Inserting entity with GID (0000000500000001).
12/22/2017 2:37:32 AM : Inserting entity with GID (0000000600000001).
12/22/2017 2:37:32 AM : Inserting entity with GID (0000000100000002).
12/22/2017 2:37:32 AM : Inserting entity with GID (0000000200000002).
12/22/2017 2:37:32 AM : Inserting entity with GID (0000000300000002).
12/22/2017 2:37:32 AM : Inserting entity with GID (0000000400000002).
12/22/2017 2:37:32 AM : Inserting entity with GID (0000000500000002).
12/22/2017 2:37:32 AM : Inserting entity with GID (0000000600000002).
12/22/2017 2:37:34 AM : The WCF service GenericDataAccess is ready.
12/22/2017 2:37:34 AM : Endpoints:
12/22/2017 2:37:34 AM : net.tcp://localhost:10000/NetworkModelService/GDA/
12/22/2017 2:37:34 AM : Connection string: ../NetworkModelData.data
12/22/2017 2:37:34 AM : Trace level: Info
12/22/2017 2:37:34 AM : The Network Model Service is started.
12/22/2017 2:37:34 AM : Press <Enter> to stop the service.
12/22/2017 2:38:12 AM : Starting Network Model Service...
12/22/2017 2:38:12 AM : Inserting entity with GID (0000000100000001).
12/22/2017 2:38:12 AM : Inserting entity with GID (0000000200000001).
12/22/2017 2:38:12 AM : Inserting entity with GID (0000000300000001).
12/22/2017 2:38:12 AM : Inserting entity with GID (0000000400000001).
12/22/2017 2:38:12 AM : Inserting entity with GID (0000000500000001).
12/22/2017 2:38:12 AM : Inserting entity with GID (0000000600000001).
12/22/2017 2:38:12 AM : Inserting entity with GID (0000000100000002).
12/22/2017 2:38:12 AM : Inserting entity with GID (0000000200000002).
12/22/2017 2:38:12 AM : Inserting entity with GID (0000000300000002).
12/22/2017 2:38:12 AM : Inserting entity with GID (0000000400000002).
12/22/2017 2:38:12 AM : Inserting entity with GID (0000000500000002).
12/22/2017 2:38:12 AM : Inserting entity with GID (0000000600000002).
12/22/2017 2:38:14 AM : The WCF service GenericDataAccess is ready.
12/22/2017 2:38:14 AM : Endpoints:
12/22/2017 2:38:14 AM : net.tcp://localhost:10000/NetworkModelService/GDA/
12/22/2017 2:38:14 AM : Connection string: ../NetworkModelData.data
12/22/2017 2:38:14 AM : Trace level: Info
12/22/2017 2:38:14 AM : The Network Model Service is started.
12/22/2017 2:38:14 AM : Press <Enter> to stop the service.
12/22/2017 2:42:50 AM : Starting Network Model Service...
12/22/2017 2:42:50 AM : Inserting entity with GID (0000000100000001).
12/22/2017 2:42:50 AM : Inserting entity with GID (0000000200000001).
12/22/2017 2:42:50 AM : Inserting entity with GID (0000000300000001).
12/22/2017 2:42:50 AM : Inserting entity with GID (0000000400000001).
12/22/2017 2:42:50 AM : Inserting entity with GID (0000000500000001).
12/22/2017 2:42:50 AM : Inserting entity with GID (0000000600000001).
12/22/2017 2:42:50 AM : Inserting entity with GID (0000000100000002).
12/22/2017 2:42:50 AM : Inserting entity with GID (0000000200000002).
12/22/2017 2:42:50 AM : Inserting entity with GID (0000000300000002).
12/22/2017 2:42:50 AM : Inserting entity with GID (0000000400000002).
12/22/2017 2:42:50 AM : Inserting entity with GID (0000000500000002).
12/22/2017 2:42:50 AM : Inserting entity with GID (0000000600000002).
12/22/2017 2:42:52 AM : The WCF service GenericDataAccess is ready.
12/22/2017 2:42:52 AM : Endpoints:
12/22/2017 2:42:52 AM : net.tcp://localhost:10000/NetworkModelService/GDA/
12/22/2017 2:42:52 AM : Connection string: ../NetworkModelData.data
12/22/2017 2:42:52 AM : Trace level: Info
12/22/2017 2:42:52 AM : The Network Model Service is started.
12/22/2017 2:42:52 AM : Press <Enter> to stop the service.
12/22/2017 2:51:50 AM : Starting Network Model Service...
12/22/2017 2:51:50 AM : Inserting entity with GID (0000000100000001).
12/22/2017 2:51:50 AM : Inserting entity with GID (0000000200000001).
12/22/2017 2:51:50 AM : Inserting entity with GID (0000000300000001).
12/22/2017 2:51:50 AM : Inserting entity with GID (0000000400000001).
12/22/2017 2:51:50 AM : Inserting entity with GID (0000000500000001).
12/22/2017 2:51:50 AM : Inserting entity with GID (0000000600000001).
12/22/2017 2:51:50 AM : Inserting entity with GID (0000000100000002).
12/22/2017 2:51:50 AM : Inserting entity with GID (0000000200000002).
12/22/2017 2:51:50 AM : Inserting entity with GID (0000000300000002).
12/22/2017 2:51:50 AM : Inserting entity with GID (0000000400000002).
12/22/2017 2:51:50 AM : Inserting entity with GID (0000000500000002).
12/22/2017 2:51:50 AM : Inserting entity with GID (0000000600000002).
12/22/2017 2:51:51 AM : The WCF service GenericDataAccess is ready.
12/22/2017 2:51:51 AM : Endpoints:
12/22/2017 2:51:51 AM : net.tcp://localhost:10000/NetworkModelService/GDA/
12/22/2017 2:51:51 AM : Connection string: ../NetworkModelData.data
12/22/2017 2:51:51 AM : Trace level: Info
12/22/2017 2:51:51 AM : The Network Model Service is started.
12/22/2017 2:51:51 AM : Press <Enter> to stop the service.
